[2019-05-13 22:28:36.516] [exthost] [info] extension host started
[2019-05-13 22:28:47.392] [exthost] [info] extension host started
[2019-05-13 22:28:47.429] [exthost] [info] ExtensionService#_doActivateExtension vscode.debug-auto-launch {"startup":true,"activationEvent":"*"}
[2019-05-13 22:28:47.429] [exthost] [info] ExtensionService#loadCommonJSModule /home/charles/.codemix/engine/resources/app/extensions/debug-auto-launch/dist/extension
[2019-05-13 22:28:47.436] [exthost] [info] ExtensionService#_doActivateExtension vscode.emmet {"startup":true,"activationEvent":"*"}
[2019-05-13 22:28:47.436] [exthost] [info] ExtensionService#loadCommonJSModule /home/charles/.codemix/engine/resources/app/extensions/emmet/dist/extension
[2019-05-13 22:28:47.478] [exthost] [info] ExtensionService#_doActivateExtension vscode.merge-conflict {"startup":true,"activationEvent":"*"}
[2019-05-13 22:28:47.478] [exthost] [info] ExtensionService#loadCommonJSModule /home/charles/.codemix/engine/resources/app/extensions/merge-conflict/dist/extension
[2019-05-13 22:28:47.485] [exthost] [info] ExtensionService#_doActivateExtension christian-kohler.path-intellisense {"startup":true,"activationEvent":"*"}
[2019-05-13 22:28:47.485] [exthost] [info] ExtensionService#loadCommonJSModule /home/charles/.codemix/extensions/christian-kohler.path-intellisense-1.4.2/out/src/extension
[2019-05-13 22:28:47.501] [exthost] [info] ExtensionService#_doActivateExtension vscode.grunt {"startup":false,"activationEvent":"onCommand:workbench.action.tasks.runTask"}
[2019-05-13 22:28:47.501] [exthost] [info] ExtensionService#loadCommonJSModule /home/charles/.codemix/engine/resources/app/extensions/grunt/dist/main
[2019-05-13 22:28:47.662] [exthost] [info] ExtensionService#_doActivateExtension vscode.gulp {"startup":false,"activationEvent":"onCommand:workbench.action.tasks.runTask"}
[2019-05-13 22:28:47.662] [exthost] [info] ExtensionService#loadCommonJSModule /home/charles/.codemix/engine/resources/app/extensions/gulp/dist/main
[2019-05-13 22:28:47.679] [exthost] [info] ExtensionService#_doActivateExtension vscode.jake {"startup":false,"activationEvent":"onCommand:workbench.action.tasks.runTask"}
[2019-05-13 22:28:47.679] [exthost] [info] ExtensionService#loadCommonJSModule /home/charles/.codemix/engine/resources/app/extensions/jake/dist/main
[2019-05-13 22:28:47.690] [exthost] [info] ExtensionService#_doActivateExtension vscode.npm {"startup":false,"activationEvent":"onCommand:workbench.action.tasks.runTask"}
[2019-05-13 22:28:47.690] [exthost] [info] ExtensionService#loadCommonJSModule /home/charles/.codemix/engine/resources/app/extensions/npm/dist/main
[2019-05-13 22:28:47.743] [exthost] [info] ExtensionService#_doActivateExtension vscode.typescript-language-features {"startup":false,"activationEvent":"onCommand:workbench.action.tasks.runTask"}
[2019-05-13 22:28:47.743] [exthost] [info] ExtensionService#loadCommonJSModule /home/charles/.codemix/engine/resources/app/extensions/typescript-language-features/dist/extension
[2019-05-13 22:28:47.839] [exthost] [info] ExtensionService#_doActivateExtension vscode.configuration-editing {"startup":false,"activationEvent":"onLanguage:jsonc"}
[2019-05-13 22:28:47.839] [exthost] [info] ExtensionService#loadCommonJSModule /home/charles/.codemix/engine/resources/app/extensions/configuration-editing/dist/extension
[2019-05-13 22:28:47.847] [exthost] [info] ExtensionService#_doActivateExtension vscode.json-language-features {"startup":false,"activationEvent":"onLanguage:jsonc"}
[2019-05-13 22:28:47.847] [exthost] [info] ExtensionService#loadCommonJSModule /home/charles/.codemix/engine/resources/app/extensions/json-language-features/client/dist/jsonMain
[2019-05-13 22:28:47.927] [exthost] [info] eager extensions activated
