Collecting tensorflow
  Downloading https://www.piwheels.org/simple/tensorflow/tensorflow-1.13.1-cp35-none-linux_armv6l.whl (86.2MB)
Collecting absl-py>=0.1.6 (from tensorflow)
  Downloading https://files.pythonhosted.org/packages/da/3f/9b0355080b81b15ba6a9ffcf1f5ea39e307a2778b2f2dc8694724e8abd5b/absl-py-0.7.1.tar.gz (99kB)
Collecting numpy>=1.13.3 (from tensorflow)
  Downloading https://files.pythonhosted.org/packages/93/48/956b9dcdddfcedb1705839280e02cbfeb2861ed5d7f59241210530867d5b/numpy-1.16.3.zip (5.1MB)
Collecting keras-preprocessing>=1.0.5 (from tensorflow)
  Downloading https://files.pythonhosted.org/packages/c0/bf/0315ef6a9fd3fc2346e85b0ff1f5f83ca17073f2c31ac719ab2e4da0d4a3/Keras_Preprocessing-1.0.9-py2.py3-none-any.whl (59kB)
Collecting protobuf>=3.6.1 (from tensorflow)
  Downloading https://files.pythonhosted.org/packages/f5/e4/7c86c9c9b4bad7632e107064fb07d0812b9858a49830d0b2477081bf1267/protobuf-3.7.1-py2.py3-none-any.whl (404kB)
Collecting gast>=0.2.0 (from tensorflow)
  Downloading https://www.piwheels.org/simple/gast/gast-0.2.2-py3-none-any.whl
Collecting keras-applications>=1.0.6 (from tensorflow)
  Downloading https://files.pythonhosted.org/packages/90/85/64c82949765cfb246bbdaf5aca2d55f400f792655927a017710a78445def/Keras_Applications-1.0.7-py2.py3-none-any.whl (51kB)
Collecting astor>=0.6.0 (from tensorflow)
  Downloading https://files.pythonhosted.org/packages/35/6b/11530768cac581a12952a2aad00e1526b89d242d0b9f59534ef6e6a1752f/astor-0.7.1-py2.py3-none-any.whl
Collecting wheel>=0.26 (from tensorflow)
  Downloading https://files.pythonhosted.org/packages/96/ba/a4702cbb6a3a485239fbe9525443446203f00771af9ac000fa3ef2788201/wheel-0.33.1-py2.py3-none-any.whl
Collecting tensorboard<1.14.0,>=1.13.0 (from tensorflow)
  Downloading https://files.pythonhosted.org/packages/0f/39/bdd75b08a6fba41f098b6cb091b9e8c7a80e1b4d679a581a0ccd17b10373/tensorboard-1.13.1-py3-none-any.whl (3.2MB)
Collecting termcolor>=1.1.0 (from tensorflow)
  Downloading https://www.piwheels.org/simple/termcolor/termcolor-1.1.0-py3-none-any.whl
Collecting six>=1.10.0 (from tensorflow)
  Downloading https://files.pythonhosted.org/packages/73/fb/00a976f728d0d1fecfe898238ce23f502a721c0ac0ecfedb80e0d88c64e9/six-1.12.0-py2.py3-none-any.whl
Collecting tensorflow-estimator<1.14.0rc0,>=1.13.0 (from tensorflow)
  Downloading https://files.pythonhosted.org/packages/bb/48/13f49fc3fa0fdf916aa1419013bb8f2ad09674c275b4046d5ee669a46873/tensorflow_estimator-1.13.0-py2.py3-none-any.whl (367kB)
Collecting grpcio>=1.8.6 (from tensorflow)
  Downloading https://files.pythonhosted.org/packages/1e/ca/2ae3967c69f72fc5596815bbef3c895e34ad88738ec3322ebe87671e60c9/grpcio-1.20.1.tar.gz (13.9MB)
  Ignoring enum34: markers 'python_version < "3.4"' don't match your environment
  Ignoring futures: markers 'python_version < "3.2"' don't match your environment
Collecting setuptools (from protobuf>=3.6.1->tensorflow)
  Downloading https://files.pythonhosted.org/packages/ec/51/f45cea425fd5cb0b0380f5b0f048ebc1da5b417e48d304838c02d6288a1e/setuptools-41.0.1-py2.py3-none-any.whl (575kB)
Collecting h5py (from keras-applications>=1.0.6->tensorflow)
  Downloading https://www.piwheels.org/simple/h5py/h5py-2.9.0-cp35-cp35m-linux_armv6l.whl (3.5MB)
Collecting markdown>=2.6.8 (from tensorboard<1.14.0,>=1.13.0->tensorflow)
  Downloading https://files.pythonhosted.org/packages/f5/e4/d8c18f2555add57ff21bf25af36d827145896a07607486cc79a2aea641af/Markdown-3.1-py2.py3-none-any.whl (87kB)
Collecting werkzeug>=0.11.15 (from tensorboard<1.14.0,>=1.13.0->tensorflow)
  Downloading https://files.pythonhosted.org/packages/18/79/84f02539cc181cdbf5ff5a41b9f52cae870b6f632767e43ba6ac70132e92/Werkzeug-0.15.2-py2.py3-none-any.whl (328kB)
Collecting mock>=2.0.0 (from tensorflow-estimator<1.14.0rc0,>=1.13.0->tensorflow)
  Downloading https://files.pythonhosted.org/packages/24/15/ced6036cb01628f17cb9b8c43426b9d32ae68143221d99cd3f630bffddae/mock-3.0.3-py2.py3-none-any.whl
Building wheels for collected packages: absl-py, numpy, grpcio
  Running setup.py bdist_wheel for absl-py: started
  Running setup.py bdist_wheel for absl-py: finished with status 'done'
  Stored in directory: /home/pi/.cache/pip/wheels/ee/98/38/46cbcc5a93cfea5492d19c38562691ddb23b940176c14f7b48
  Running setup.py bdist_wheel for numpy: started
  Running setup.py bdist_wheel for numpy: still running...
  Running setup.py bdist_wheel for numpy: still running...
  Running setup.py bdist_wheel for numpy: still running...
  Running setup.py bdist_wheel for numpy: still running...
  Running setup.py bdist_wheel for numpy: still running...
